0 info it worked if it ends with ok
1 verbose cli [ '/usr/local/Cellar/node/6.4.0/bin/node',
1 verbose cli   '/usr/local/bin/npm',
1 verbose cli   'run',
1 verbose cli   'pretest' ]
2 info using npm@3.10.3
3 info using node@v6.4.0
4 verbose run-script [ 'pretest' ]
5 info lifecycle pom-core-logger@1.0.0~pretest: pom-core-logger@1.0.0
6 verbose lifecycle pom-core-logger@1.0.0~pretest: unsafe-perm in lifecycle true
7 verbose lifecycle pom-core-logger@1.0.0~pretest: PATH: /usr/local/lib/node_modules/npm/bin/node-gyp-bin:/Users/asim/POM-MS test/pom-core-logger/node_modules/.bin:/usr/local/Cellar/node/6.4.0/bin:/usr/local/bin:/usr/bin:/bin:/usr/sbin:/sbin:/usr/local/mongodb/bin:/usr/local/mongodb/bin
8 verbose lifecycle pom-core-logger@1.0.0~pretest: CWD: /Users/asim/POM-MS test/pom-core-logger
9 silly lifecycle pom-core-logger@1.0.0~pretest: Args: [ '-c', 'eslint --ignore-path .gitignore .' ]
10 silly lifecycle pom-core-logger@1.0.0~pretest: Returned: code: 1  signal: null
11 info lifecycle pom-core-logger@1.0.0~pretest: Failed to exec pretest script
12 verbose stack Error: pom-core-logger@1.0.0 pretest: `eslint --ignore-path .gitignore .`
12 verbose stack Exit status 1
12 verbose stack     at EventEmitter.<anonymous> (/usr/local/lib/node_modules/npm/lib/utils/lifecycle.js:242:16)
12 verbose stack     at emitTwo (events.js:106:13)
12 verbose stack     at EventEmitter.emit (events.js:191:7)
12 verbose stack     at ChildProcess.<anonymous> (/usr/local/lib/node_modules/npm/lib/utils/spawn.js:40:14)
12 verbose stack     at emitTwo (events.js:106:13)
12 verbose stack     at ChildProcess.emit (events.js:191:7)
12 verbose stack     at maybeClose (internal/child_process.js:852:16)
12 verbose stack     at Process.ChildProcess._handle.onexit (internal/child_process.js:215:5)
13 verbose pkgid pom-core-logger@1.0.0
14 verbose cwd /Users/asim/POM-MS test/pom-core-logger
15 error Darwin 17.2.0
16 error argv "/usr/local/Cellar/node/6.4.0/bin/node" "/usr/local/bin/npm" "run" "pretest"
17 error node v6.4.0
18 error npm  v3.10.3
19 error code ELIFECYCLE
20 error pom-core-logger@1.0.0 pretest: `eslint --ignore-path .gitignore .`
20 error Exit status 1
21 error Failed at the pom-core-logger@1.0.0 pretest script 'eslint --ignore-path .gitignore .'.
21 error Make sure you have the latest version of node.js and npm installed.
21 error If you do, this is most likely a problem with the pom-core-logger package,
21 error not with npm itself.
21 error Tell the author that this fails on your system:
21 error     eslint --ignore-path .gitignore .
21 error You can get information on how to open an issue for this project with:
21 error     npm bugs pom-core-logger
21 error Or if that isn't available, you can get their info via:
21 error     npm owner ls pom-core-logger
21 error There is likely additional logging output above.
22 verbose exit [ 1, true ]
